<?xml version="1.0" encoding="UTF-8"?>
<!-- Generated by org.testng.reporters.JUnitReportReporter -->
<testsuite hostname="10.0.0.7" name="cn.com.karl.exercise.crawler.service.impl.BaiduApkIdResolverTest" tests="1" failures="0" timestamp="16 Oct 2015 16:37:02 GMT" time="2.122" errors="0">
  <testcase name="resolverCPId" time="2.122" classname="cn.com.karl.exercise.crawler.service.impl.BaiduApkIdResolverTest"/>
</testsuite> <!-- cn.com.karl.exercise.crawler.service.impl.BaiduApkIdResolverTest -->
